<beans xmlns="http://www.springframework.org/schema/beans"
	xmlns:context="http://www.springframework.org/schema/context"
	xmlns:mongo="http://www.springframework.org/schema/data/mongo"
	xmlns:mvc="http://www.springframework.org/schema/mvc"
	xmlns:xsi="http://www.w3.org/2001/XMLSchema-instance"
	xmlns:tx="http://www.springframework.org/schema/tx"
	xmlns:p="http://www.springframework.org/schema/p"
	xmlns:oxm="http://www.springframework.org/schema/oxm"
	xmlns:stream="http://www.springframework.org/schema/integration/stream"
	xmlns:util="http://www.springframework.org/schema/util"
	xsi:schemaLocation="http://www.springframework.org/schema/data/mongo http://www.springframework.org/schema/data/mongo/spring-mongo-1.3.xsd
		http://www.springframework.org/schema/oxm http://www.springframework.org/schema/oxm/spring-oxm-3.2.xsd
		http://www.springframework.org/schema/mvc http://www.springframework.org/schema/mvc/spring-mvc-4.0.xsd
		http://www.springframework.org/schema/integration/stream http://www.springframework.org/schema/integration/stream/spring-integration-stream.xsd
		http://www.springframework.org/schema/beans http://www.springframework.org/schema/beans/spring-beans-4.0.xsd
		http://www.springframework.org/schema/util http://www.springframework.org/schema/util/spring-util-4.0.xsd
		http://www.springframework.org/schema/tx http://www.springframework.org/schema/tx/spring-tx-4.0.xsd
		http://www.springframework.org/schema/context http://www.springframework.org/schema/context/spring-context-4.0.xsd">
		
		<!-- Spring Integration core configuration -->
  
 <mvc:annotation-driven />
 
<!-- Jackson-JSON configuration -->

<bean id="jaxbAnnotationIntrospector" class="com.fasterxml.jackson.module.jaxb.JaxbAnnotationIntrospector" />
<bean id="jsonbAnnotationIntrospector" class="com.fasterxml.jackson.databind.introspect.JacksonAnnotationIntrospector" />

<bean id="annotationPair" class="com.fasterxml.jackson.databind.introspect.AnnotationIntrospectorPair">
<constructor-arg ref="jsonbAnnotationIntrospector"></constructor-arg>
<constructor-arg ref="jaxbAnnotationIntrospector"></constructor-arg>
</bean>

<bean id = "asgardJacksonObjectMapper" 
      class="org.springframework.http.converter.json.Jackson2ObjectMapperFactoryBean"
       p:autoDetectFields="false"
       p:autoDetectGettersSetters="false"
       p:annotationIntrospector-ref="jsonbAnnotationIntrospector"
        >
          
		   <property name="featuresToDisable">
		     <array>		       		       
		       <util:constant static-field="com.fasterxml.jackson.databind.SerializationFeature$FAIL_ON_EMPTY_BEANS"/>
		     </array>
		   </property>
        
        </bean>
       
      

<bean id="jacksonMessageConverter" class="org.springframework.http.converter.json.MappingJackson2HttpMessageConverter">
    <property name="supportedMediaTypes" >
    	<list>
    		<value>application/json</value>
    		<value>application/x-java-serialized-object</value>
    	</list>
    </property>
    <property name="objectMapper" >
          <ref bean="asgardJacksonObjectMapper"/>
   </property>
 </bean>
 
 <bean
		class="org.springframework.web.servlet.mvc.method.annotation.RequestMappingHandlerAdapter">
		<property name="messageConverters">
			<list>
				<ref bean="jacksonMessageConverter" />
			</list>
		</property>
</bean>
       
 
 		  
<!-- Bean definition starts herer -->
 
</beans>